CRITICAL - 2023-03-14 17:00:20 --> unlink(../public/uploads/php.jpg): No such file or directory
in APPPATH\Controllers\BookController.php on line 71.
 1 [internal function]: CodeIgniter\Debug\Exceptions->errorHandler(2, 'unlink(../public/uploads/php.jpg): No such file or directory', 'APPPATH\\Controllers\\BookController.php', 71)
 2 APPPATH\Controllers\BookController.php(71): unlink('../public/uploads/php.jpg')
 3 SYSTEMPATH\CodeIgniter.php(934): App\Controllers\BookController->deleteBook('2')
 4 SYSTEMPATH\CodeIgniter.php(499): CodeIgniter\CodeIgniter->runController(Object(App\Controllers\BookController))
 5 SYSTEMPATH\CodeIgniter.php(368): CodeIgniter\CodeIgniter->handleRequest(null, Object(Config\Cache), false)
 6 FCPATH\index.php(67): CodeIgniter\CodeIgniter->run()
CRITICAL - 2023-03-14 17:54:13 --> Undefined variable $data
in APPPATH\Views\Books\edit.php on line 3.
 1 APPPATH\Views\Books\edit.php(3): CodeIgniter\Debug\Exceptions->errorHandler(2, 'Undefined variable $data', 'APPPATH\\Views\\Books\\edit.php', 3)
 2 SYSTEMPATH\View\View.php(213): include('APPPATH\\Views\\Books\\edit.php')
 3 SYSTEMPATH\View\View.php(216): CodeIgniter\View\View->CodeIgniter\View\{closure}()
 4 SYSTEMPATH\Common.php(1184): CodeIgniter\View\View->render('Books/edit', [], true)
 5 APPPATH\Controllers\BookController.php(91): view('Books/edit', [...])
 6 SYSTEMPATH\CodeIgniter.php(934): App\Controllers\BookController->editBook('4')
 7 SYSTEMPATH\CodeIgniter.php(499): CodeIgniter\CodeIgniter->runController(Object(App\Controllers\BookController))
 8 SYSTEMPATH\CodeIgniter.php(368): CodeIgniter\CodeIgniter->handleRequest(null, Object(Config\Cache), false)
 9 FCPATH\index.php(67): CodeIgniter\CodeIgniter->run()
CRITICAL - 2023-03-14 18:00:35 --> Undefined variable $book
in APPPATH\Views\Books\edit.php on line 3.
 1 APPPATH\Views\Books\edit.php(3): CodeIgniter\Debug\Exceptions->errorHandler(2, 'Undefined variable $book', 'APPPATH\\Views\\Books\\edit.php', 3)
 2 SYSTEMPATH\View\View.php(213): include('APPPATH\\Views\\Books\\edit.php')
 3 SYSTEMPATH\View\View.php(216): CodeIgniter\View\View->CodeIgniter\View\{closure}()
 4 SYSTEMPATH\Common.php(1184): CodeIgniter\View\View->render('Books/edit', [], true)
 5 APPPATH\Controllers\BookController.php(91): view('Books/edit', [...])
 6 SYSTEMPATH\CodeIgniter.php(934): App\Controllers\BookController->editBook('5')
 7 SYSTEMPATH\CodeIgniter.php(499): CodeIgniter\CodeIgniter->runController(Object(App\Controllers\BookController))
 8 SYSTEMPATH\CodeIgniter.php(368): CodeIgniter\CodeIgniter->handleRequest(null, Object(Config\Cache), false)
 9 FCPATH\index.php(67): CodeIgniter\CodeIgniter->run()
CRITICAL - 2023-03-14 18:02:32 --> Undefined variable $data
in APPPATH\Views\Books\edit.php on line 3.
 1 APPPATH\Views\Books\edit.php(3): CodeIgniter\Debug\Exceptions->errorHandler(2, 'Undefined variable $data', 'APPPATH\\Views\\Books\\edit.php', 3)
 2 SYSTEMPATH\View\View.php(213): include('APPPATH\\Views\\Books\\edit.php')
 3 SYSTEMPATH\View\View.php(216): CodeIgniter\View\View->CodeIgniter\View\{closure}()
 4 SYSTEMPATH\Common.php(1184): CodeIgniter\View\View->render('Books/edit', [], true)
 5 APPPATH\Controllers\BookController.php(91): view('Books/edit', [...])
 6 SYSTEMPATH\CodeIgniter.php(934): App\Controllers\BookController->editBook('5')
 7 SYSTEMPATH\CodeIgniter.php(499): CodeIgniter\CodeIgniter->runController(Object(App\Controllers\BookController))
 8 SYSTEMPATH\CodeIgniter.php(368): CodeIgniter\CodeIgniter->handleRequest(null, Object(Config\Cache), false)
 9 FCPATH\index.php(67): CodeIgniter\CodeIgniter->run()
CRITICAL - 2023-03-14 20:03:29 --> The original file is not a valid file.
in SYSTEMPATH\HTTP\Files\UploadedFile.php on line 137.
 1 SYSTEMPATH\HTTP\Files\UploadedFile.php(137): CodeIgniter\HTTP\Exceptions\HTTPException::forInvalidFile()
 2 APPPATH\Controllers\BookController.php(48): CodeIgniter\HTTP\Files\UploadedFile->move('FCPATH\\uploads', '1678824209_b98260c9d03c04ce16c9')
 3 SYSTEMPATH\CodeIgniter.php(934): App\Controllers\BookController->saveBook()
 4 SYSTEMPATH\CodeIgniter.php(499): CodeIgniter\CodeIgniter->runController(Object(App\Controllers\BookController))
 5 SYSTEMPATH\CodeIgniter.php(368): CodeIgniter\CodeIgniter->handleRequest(null, Object(Config\Cache), false)
 6 FCPATH\index.php(67): CodeIgniter\CodeIgniter->run()
CRITICAL - 2023-03-14 20:05:02 --> The original file is not a valid file.
in SYSTEMPATH\HTTP\Files\UploadedFile.php on line 137.
 1 SYSTEMPATH\HTTP\Files\UploadedFile.php(137): CodeIgniter\HTTP\Exceptions\HTTPException::forInvalidFile()
 2 APPPATH\Controllers\BookController.php(48): CodeIgniter\HTTP\Files\UploadedFile->move('FCPATH\\uploads', '1678824302_67d4fa3fb19a1ae86f7a')
 3 SYSTEMPATH\CodeIgniter.php(934): App\Controllers\BookController->saveBook()
 4 SYSTEMPATH\CodeIgniter.php(499): CodeIgniter\CodeIgniter->runController(Object(App\Controllers\BookController))
 5 SYSTEMPATH\CodeIgniter.php(368): CodeIgniter\CodeIgniter->handleRequest(null, Object(Config\Cache), false)
 6 FCPATH\index.php(67): CodeIgniter\CodeIgniter->run()
CRITICAL - 2023-03-14 20:28:07 --> The original file is not a valid file.
in SYSTEMPATH\HTTP\Files\UploadedFile.php on line 137.
 1 SYSTEMPATH\HTTP\Files\UploadedFile.php(137): CodeIgniter\HTTP\Exceptions\HTTPException::forInvalidFile()
 2 APPPATH\Controllers\BookController.php(50): CodeIgniter\HTTP\Files\UploadedFile->move('FCPATH\\uploads', '1678825687_98042a792814bc98f6ff')
 3 SYSTEMPATH\CodeIgniter.php(934): App\Controllers\BookController->saveBook()
 4 SYSTEMPATH\CodeIgniter.php(499): CodeIgniter\CodeIgniter->runController(Object(App\Controllers\BookController))
 5 SYSTEMPATH\CodeIgniter.php(368): CodeIgniter\CodeIgniter->handleRequest(null, Object(Config\Cache), false)
 6 FCPATH\index.php(67): CodeIgniter\CodeIgniter->run()
